09:18:05.844  [Ｕ] User(E123632952) Ip(apiquote.yuantafutures.com.tw) Port(80) MarketType(1) SetMap(0)
09:18:05.845  [Ｕ] User(E123632952) Ip(apiquote.yuantafutures.com.tw) Port(82) MarketType(2) SetMap(0)
09:18:06.204  [時] MDS=2 Type=C,Time=091806090000
09:18:06.204  [時] MDS=1 Type=C,Time=091806090000
09:18:22.227  [全] MDS=1 Symbol=2330,ref=539,open=533,high=536,low=532,up=592,dn=485.5000,mattime=091815326824,matpri=533,matqty=1,tmatqty=3274,bestbq=630,305,387,209,294,bestbp=532,531,530,529,528,bestsq=63,204,263,323,459,bestsp=533,534,535,536,537
09:18:22.983  [全] MDS=1 Symbol=2330,ref=539,open=533,high=536,low=532,up=592,dn=485.5000,mattime=091815326824,matpri=533,matqty=1,tmatqty=3274,bestbq=630,305,387,209,294,bestbp=532,531,530,529,528,bestsq=65,204,263,323,459,bestsp=533,534,535,536,537
09:18:22.984  [全] MDS=1 Symbol=2330,ref=539,open=533,high=536,low=532,up=592,dn=485.5000,mattime=091815326824,matpri=533,matqty=1,tmatqty=3274,bestbq=630,305,387,209,294,bestbp=532,531,530,529,528,bestsq=65,205,262,323,459,bestsp=533,534,535,536,537
09:18:23.195  [全] MDS=1 Symbol=2330,ref=539,open=533,high=536,low=532,up=592,dn=485.5000,mattime=091815326824,matpri=533,matqty=1,tmatqty=3274,bestbq=630,305,387,209,294,bestbp=532,531,530,529,528,bestsq=66,205,262,323,459,bestsp=533,534,535,536,537
09:18:23.411  [全] MDS=1 Symbol=2330,ref=539,open=533,high=536,low=532,up=592,dn=485.5000,mattime=091815326824,matpri=533,matqty=1,tmatqty=3274,bestbq=631,305,387,209,294,bestbp=532,531,530,529,528,bestsq=66,205,262,323,459,bestsp=533,534,535,536,537
09:18:24.469  [全] MDS=1 Symbol=2330,ref=539,open=533,high=536,low=532,up=592,dn=485.5000,mattime=091824555237,matpri=533,matqty=2,tmatqty=3276,bestbq=631,305,387,209,294,bestbp=532,531,530,529,528,bestsq=66,205,262,323,459,bestsp=533,534,535,536,537
09:18:24.469  [全] MDS=1 Symbol=2330,ref=539,open=533,high=536,low=532,up=592,dn=485.5000,mattime=091824555237,matpri=533,matqty=2,tmatqty=3276,bestbq=631,305,387,209,294,bestbp=532,531,530,529,528,bestsq=64,205,262,323,459,bestsp=533,534,535,536,537
09:18:24.576  [全] MDS=1 Symbol=2330,ref=539,open=533,high=536,low=532,up=592,dn=485.5000,mattime=091824555237,matpri=533,matqty=2,tmatqty=3276,bestbq=631,306,387,209,294,bestbp=532,531,530,529,528,bestsq=64,205,262,323,459,bestsp=533,534,535,536,537
09:18:25.314  [全] MDS=1 Symbol=2330,ref=539,open=533,high=536,low=532,up=592,dn=485.5000,mattime=091824555237,matpri=533,matqty=2,tmatqty=3276,bestbq=631,306,387,209,294,bestbp=532,531,530,529,528,bestsq=65,205,262,323,459,bestsp=533,534,535,536,537
09:18:26.295  [全] MDS=1 Symbol=2330,ref=539,open=533,high=536,low=532,up=592,dn=485.5000,mattime=091826367967,matpri=533,matqty=1,tmatqty=3277,bestbq=631,306,387,209,294,bestbp=532,531,530,529,528,bestsq=65,205,262,323,459,bestsp=533,534,535,536,537
09:18:26.296  [全] MDS=1 Symbol=2330,ref=539,open=533,high=536,low=532,up=592,dn=485.5000,mattime=091826367967,matpri=533,matqty=1,tmatqty=3277,bestbq=631,306,387,209,294,bestbp=532,531,530,529,528,bestsq=64,205,262,323,459,bestsp=533,534,535,536,537
09:18:26.509  [全] MDS=1 Symbol=2330,ref=539,open=533,high=536,low=532,up=592,dn=485.5000,mattime=091826522055,matpri=533,matqty=1,tmatqty=3278,bestbq=631,306,387,209,294,bestbp=532,531,530,529,528,bestsq=64,205,262,323,459,bestsp=533,534,535,536,537
09:18:26.510  [全] MDS=1 Symbol=2330,ref=539,open=533,high=536,low=532,up=592,dn=485.5000,mattime=091826522055,matpri=533,matqty=1,tmatqty=3278,bestbq=631,306,387,209,294,bestbp=532,531,530,529,528,bestsq=63,205,262,323,459,bestsp=533,534,535,536,537
09:18:26.739  [全] MDS=1 Symbol=2330,ref=539,open=533,high=536,low=532,up=592,dn=485.5000,mattime=091826779885,matpri=533,matqty=1,tmatqty=3279,bestbq=631,306,387,209,294,bestbp=532,531,530,529,528,bestsq=63,205,262,323,459,bestsp=533,534,535,536,537
09:18:26.739  [全] MDS=1 Symbol=2330,ref=539,open=533,high=536,low=532,up=592,dn=485.5000,mattime=091826779885,matpri=533,matqty=1,tmatqty=3279,bestbq=631,306,387,209,294,bestbp=532,531,530,529,528,bestsq=62,205,262,323,459,bestsp=533,534,535,536,537
09:18:27.379  [全] MDS=1 Symbol=2330,ref=539,open=533,high=536,low=532,up=592,dn=485.5000,mattime=091827432118,matpri=533,matqty=10,tmatqty=3289,bestbq=631,306,387,209,294,bestbp=532,531,530,529,528,bestsq=62,205,262,323,459,bestsp=533,534,535,536,537
09:18:27.379  [全] MDS=1 Symbol=2330,ref=539,open=533,high=536,low=532,up=592,dn=485.5000,mattime=091827432118,matpri=533,matqty=10,tmatqty=3289,bestbq=631,306,387,209,294,bestbp=532,531,530,529,528,bestsq=52,205,262,323,459,bestsp=533,534,535,536,537
09:18:27.485  [全] MDS=1 Symbol=2330,ref=539,open=533,high=536,low=532,up=592,dn=485.5000,mattime=091827432118,matpri=533,matqty=10,tmatqty=3289,bestbq=631,306,387,209,294,bestbp=532,531,530,529,528,bestsq=65,205,262,323,459,bestsp=533,534,535,536,537
09:18:27.485  [全] MDS=1 Symbol=2330,ref=539,open=533,high=536,low=532,up=592,dn=485.5000,mattime=091827432118,matpri=533,matqty=10,tmatqty=3289,bestbq=631,306,387,209,294,bestbp=532,531,530,529,528,bestsq=59,205,262,323,459,bestsp=533,534,535,536,537
09:18:27.485  [全] MDS=1 Symbol=2330,ref=539,open=533,high=536,low=532,up=592,dn=485.5000,mattime=091827432118,matpri=533,matqty=10,tmatqty=3289,bestbq=631,306,387,209,294,bestbp=532,531,530,529,528,bestsq=63,205,262,323,459,bestsp=533,534,535,536,537
09:18:27.605  [全] MDS=1 Symbol=2330,ref=539,open=533,high=536,low=532,up=592,dn=485.5000,mattime=091827645878,matpri=533,matqty=10,tmatqty=3299,bestbq=631,306,387,209,294,bestbp=532,531,530,529,528,bestsq=63,205,262,323,459,bestsp=533,534,535,536,537
09:18:27.606  [全] MDS=1 Symbol=2330,ref=539,open=533,high=536,low=532,up=592,dn=485.5000,mattime=091827645878,matpri=533,matqty=10,tmatqty=3299,bestbq=631,306,387,209,294,bestbp=532,531,530,529,528,bestsq=53,205,262,323,459,bestsp=533,534,535,536,537
09:18:28.999  [全] MDS=1 Symbol=2330,ref=539,open=533,high=536,low=532,up=592,dn=485.5000,mattime=091829000744,matpri=533,matqty=1,tmatqty=3300,bestbq=631,306,387,209,294,bestbp=532,531,530,529,528,bestsq=53,205,262,323,459,bestsp=533,534,535,536,537
09:18:29.000  [全] MDS=1 Symbol=2330,ref=539,open=533,high=536,low=532,up=592,dn=485.5000,mattime=091829000744,matpri=533,matqty=1,tmatqty=3300,bestbq=631,306,387,209,294,bestbp=532,531,530,529,528,bestsq=52,205,262,323,459,bestsp=533,534,535,536,537
09:18:29.864  [全] MDS=1 Symbol=2330,ref=539,open=533,high=536,low=532,up=592,dn=485.5000,mattime=091829000744,matpri=533,matqty=1,tmatqty=3300,bestbq=631,307,387,209,294,bestbp=532,531,530,529,528,bestsq=52,205,262,323,459,bestsp=533,534,535,536,537
09:18:29.976  [全] MDS=1 Symbol=2330,ref=539,open=533,high=536,low=532,up=592,dn=485.5000,mattime=091829000744,matpri=533,matqty=1,tmatqty=3300,bestbq=631,307,387,209,294,bestbp=532,531,530,529,528,bestsq=52,205,263,323,459,bestsp=533,534,535,536,537
09:18:29.977  [全] MDS=1 Symbol=2330,ref=539,open=533,high=536,low=532,up=592,dn=485.5000,mattime=091829000744,matpri=533,matqty=1,tmatqty=3300,bestbq=631,307,387,209,293,bestbp=532,531,530,529,528,bestsq=52,205,263,323,459,bestsp=533,534,535,536,537
09:18:29.977  [全] MDS=1 Symbol=2330,ref=539,open=533,high=536,low=532,up=592,dn=485.5000,mattime=091829000744,matpri=533,matqty=1,tmatqty=3300,bestbq=631,307,387,209,293,bestbp=532,531,530,529,528,bestsq=53,205,263,323,459,bestsp=533,534,535,536,537
09:18:30.308  [全] MDS=1 Symbol=2330,ref=539,open=533,high=536,low=532,up=592,dn=485.5000,mattime=091829000744,matpri=533,matqty=1,tmatqty=3300,bestbq=631,307,387,209,293,bestbp=532,531,530,529,528,bestsq=53,205,263,322,459,bestsp=533,534,535,536,537
09:18:30.517  [全] MDS=1 Symbol=2330,ref=539,open=533,high=536,low=532,up=592,dn=485.5000,mattime=091829000744,matpri=533,matqty=1,tmatqty=3300,bestbq=631,307,387,209,293,bestbp=532,531,530,529,528,bestsq=53,205,264,322,459,bestsp=533,534,535,536,537
09:18:31.911  [全] MDS=1 Symbol=2330,ref=539,open=533,high=536,low=532,up=592,dn=485.5000,mattime=091831921067,matpri=533,matqty=1,tmatqty=3301,bestbq=631,307,387,209,293,bestbp=532,531,530,529,528,bestsq=53,205,264,322,459,bestsp=533,534,535,536,537
09:18:31.911  [全] MDS=1 Symbol=2330,ref=539,open=533,high=536,low=532,up=592,dn=485.5000,mattime=091831921067,matpri=533,matqty=1,tmatqty=3301,bestbq=631,307,387,209,293,bestbp=532,531,530,529,528,bestsq=52,205,264,322,459,bestsp=533,534,535,536,537
09:18:32.661  [全] MDS=1 Symbol=2330,ref=539,open=533,high=536,low=532,up=592,dn=485.5000,mattime=091831921067,matpri=533,matqty=1,tmatqty=3301,bestbq=631,307,387,209,293,bestbp=532,531,530,529,528,bestsq=52,205,264,323,459,bestsp=533,534,535,536,537
09:18:33.730  [全] MDS=1 Symbol=2330,ref=539,open=533,high=536,low=532,up=592,dn=485.5000,mattime=091831921067,matpri=533,matqty=1,tmatqty=3301,bestbq=633,307,387,209,293,bestbp=532,531,530,529,528,bestsq=52,205,264,323,459,bestsp=533,534,535,536,537
09:18:33.842  [全] MDS=1 Symbol=2330,ref=539,open=533,high=536,low=532,up=592,dn=485.5000,mattime=091831921067,matpri=533,matqty=1,tmatqty=3301,bestbq=633,305,387,209,293,bestbp=532,531,530,529,528,bestsq=52,205,264,323,459,bestsp=533,534,535,536,537
09:18:33.976  [全] MDS=1 Symbol=2330,ref=539,open=533,high=536,low=532,up=592,dn=485.5000,mattime=091831921067,matpri=533,matqty=1,tmatqty=3301,bestbq=631,305,387,209,293,bestbp=532,531,530,529,528,bestsq=52,205,264,323,459,bestsp=533,534,535,536,537
09:18:34.620  [全] MDS=1 Symbol=2330,ref=539,open=533,high=536,low=532,up=592,dn=485.5000,mattime=091834637577,matpri=533,matqty=2,tmatqty=3303,bestbq=631,305,387,209,293,bestbp=532,531,530,529,528,bestsq=52,205,264,323,459,bestsp=533,534,535,536,537
09:18:34.620  [全] MDS=1 Symbol=2330,ref=539,open=533,high=536,low=532,up=592,dn=485.5000,mattime=091834637577,matpri=533,matqty=2,tmatqty=3303,bestbq=631,305,387,209,293,bestbp=532,531,530,529,528,bestsq=50,205,264,323,459,bestsp=533,534,535,536,537
09:18:34.729  [全] MDS=1 Symbol=2330,ref=539,open=533,high=536,low=532,up=592,dn=485.5000,mattime=091834763473,matpri=533,matqty=2,tmatqty=3305,bestbq=631,305,387,209,293,bestbp=532,531,530,529,528,bestsq=50,205,264,323,459,bestsp=533,534,535,536,537
09:18:34.730  [全] MDS=1 Symbol=2330,ref=539,open=533,high=536,low=532,up=592,dn=485.5000,mattime=091834763473,matpri=533,matqty=2,tmatqty=3305,bestbq=631,305,387,209,293,bestbp=532,531,530,529,528,bestsq=48,205,264,323,459,bestsp=533,534,535,536,537
09:18:34.730  [全] MDS=1 Symbol=2330,ref=539,open=533,high=536,low=532,up=592,dn=485.5000,mattime=091834763473,matpri=533,matqty=2,tmatqty=3305,bestbq=631,305,387,209,293,bestbp=532,531,530,529,528,bestsq=48,205,263,323,459,bestsp=533,534,535,536,537
09:18:34.850  [全] MDS=1 Symbol=2330,ref=539,open=533,high=536,low=532,up=592,dn=485.5000,mattime=091834763473,matpri=533,matqty=2,tmatqty=3305,bestbq=631,305,387,209,293,bestbp=532,531,530,529,528,bestsq=48,205,263,324,459,bestsp=533,534,535,536,537
09:18:35.390  [全] MDS=1 Symbol=2330,ref=539,open=533,high=536,low=532,up=592,dn=485.5000,mattime=091835449181,matpri=533,matqty=1,tmatqty=3306,bestbq=631,305,387,209,293,bestbp=532,531,530,529,528,bestsq=48,205,263,324,459,bestsp=533,534,535,536,537
09:18:35.390  [全] MDS=1 Symbol=2330,ref=539,open=533,high=536,low=532,up=592,dn=485.5000,mattime=091835449181,matpri=533,matqty=1,tmatqty=3306,bestbq=631,305,387,209,293,bestbp=532,531,530,529,528,bestsq=47,205,263,324,459,bestsp=533,534,535,536,537
09:18:38.995  [全] MDS=1 Symbol=2330,ref=539,open=533,high=536,low=532,up=592,dn=485.5000,mattime=091835449181,matpri=533,matqty=1,tmatqty=3306,bestbq=632,305,387,209,293,bestbp=532,531,530,529,528,bestsq=47,205,263,324,459,bestsp=533,534,535,536,537
09:18:39.750  [全] MDS=1 Symbol=2330,ref=539,open=533,high=536,low=532,up=592,dn=485.5000,mattime=091835449181,matpri=533,matqty=1,tmatqty=3306,bestbq=632,305,387,209,293,bestbp=532,531,530,529,528,bestsq=48,205,263,324,459,bestsp=533,534,535,536,537
09:18:40.281  [全] MDS=1 Symbol=2330,ref=539,open=533,high=536,low=532,up=592,dn=485.5000,mattime=091835449181,matpri=533,matqty=1,tmatqty=3306,bestbq=632,305,387,208,294,bestbp=532,531,530,529,528,bestsq=48,205,263,324,459,bestsp=533,534,535,536,537
09:18:41.759  [全] MDS=1 Symbol=2330,ref=539,open=533,high=536,low=532,up=592,dn=485.5000,mattime=091841714960,matpri=533,matqty=1,tmatqty=3307,bestbq=632,305,387,208,294,bestbp=532,531,530,529,528,bestsq=48,205,263,324,459,bestsp=533,534,535,536,537
09:18:41.760  [全] MDS=1 Symbol=2330,ref=539,open=533,high=536,low=532,up=592,dn=485.5000,mattime=091841714960,matpri=533,matqty=1,tmatqty=3307,bestbq=632,305,387,208,294,bestbp=532,531,530,529,528,bestsq=47,205,263,324,459,bestsp=533,534,535,536,537
09:18:42.089  [全] MDS=1 Symbol=2330,ref=539,open=533,high=536,low=532,up=592,dn=485.5000,mattime=091842026827,matpri=532,matqty=1,tmatqty=3308,bestbq=632,305,387,208,294,bestbp=532,531,530,529,528,bestsq=47,205,263,324,459,bestsp=533,534,535,536,537
09:18:42.089  [全] MDS=1 Symbol=2330,ref=539,open=533,high=536,low=532,up=592,dn=485.5000,mattime=091842026827,matpri=532,matqty=1,tmatqty=3308,bestbq=631,305,387,208,294,bestbp=532,531,530,529,528,bestsq=47,205,263,324,459,bestsp=533,534,535,536,537
09:18:42.418  [全] MDS=1 Symbol=2330,ref=539,open=533,high=536,low=532,up=592,dn=485.5000,mattime=091842026827,matpri=532,matqty=1,tmatqty=3308,bestbq=631,305,387,208,294,bestbp=532,531,530,529,528,bestsq=48,205,263,324,459,bestsp=533,534,535,536,537
09:18:42.525  [全] MDS=1 Symbol=2330,ref=539,open=533,high=536,low=532,up=592,dn=485.5000,mattime=091842483254,matpri=533,matqty=2,tmatqty=3310,bestbq=631,305,387,208,294,bestbp=532,531,530,529,528,bestsq=48,205,263,324,459,bestsp=533,534,535,536,537
09:18:42.526  [全] MDS=1 Symbol=2330,ref=539,open=533,high=536,low=532,up=592,dn=485.5000,mattime=091842483254,matpri=533,matqty=2,tmatqty=3310,bestbq=631,305,387,208,294,bestbp=532,531,530,529,528,bestsq=46,205,263,324,459,bestsp=533,534,535,536,537
09:18:42.634  [全] MDS=1 Symbol=2330,ref=539,open=533,high=536,low=532,up=592,dn=485.5000,mattime=091842551731,matpri=533,matqty=1,tmatqty=3311,bestbq=631,305,387,208,294,bestbp=532,531,530,529,528,bestsq=46,205,263,324,459,bestsp=533,534,535,536,537
09:18:42.634  [全] MDS=1 Symbol=2330,ref=539,open=533,high=536,low=532,up=592,dn=485.5000,mattime=091842551731,matpri=533,matqty=1,tmatqty=3311,bestbq=631,305,387,208,294,bestbp=532,531,530,529,528,bestsq=45,205,263,324,459,bestsp=533,534,535,536,537
09:18:43.391  [全] MDS=1 Symbol=2330,ref=539,open=533,high=536,low=532,up=592,dn=485.5000,mattime=091842551731,matpri=533,matqty=1,tmatqty=3311,bestbq=597,305,387,208,294,bestbp=532,531,530,529,528,bestsq=45,205,263,324,459,bestsp=533,534,535,536,537
09:18:44.660  [全] MDS=1 Symbol=2330,ref=539,open=533,high=536,low=532,up=592,dn=485.5000,mattime=091842551731,matpri=533,matqty=1,tmatqty=3311,bestbq=598,305,387,208,294,bestbp=532,531,530,529,528,bestsq=45,205,263,324,459,bestsp=533,534,535,536,537
09:18:44.870  [全] MDS=1 Symbol=2330,ref=539,open=533,high=536,low=532,up=592,dn=485.5000,mattime=091844820496,matpri=533,matqty=6,tmatqty=3317,bestbq=598,305,387,208,294,bestbp=532,531,530,529,528,bestsq=45,205,263,324,459,bestsp=533,534,535,536,537
09:18:44.871  [全] MDS=1 Symbol=2330,ref=539,open=533,high=536,low=532,up=592,dn=485.5000,mattime=091844820496,matpri=533,matqty=6,tmatqty=3317,bestbq=598,305,387,208,294,bestbp=532,531,530,529,528,bestsq=39,205,263,324,459,bestsp=533,534,535,536,537
09:18:44.871  [全] MDS=1 Symbol=2330,ref=539,open=533,high=536,low=532,up=592,dn=485.5000,mattime=091844862905,matpri=533,matqty=1,tmatqty=3318,bestbq=598,305,387,208,294,bestbp=532,531,530,529,528,bestsq=39,205,263,324,459,bestsp=533,534,535,536,537
09:18:44.872  [全] MDS=1 Symbol=2330,ref=539,open=533,high=536,low=532,up=592,dn=485.5000,mattime=091844862905,matpri=533,matqty=1,tmatqty=3318,bestbq=598,305,387,208,294,bestbp=532,531,530,529,528,bestsq=38,205,263,324,459,bestsp=533,534,535,536,537
09:18:45.622  [全] MDS=1 Symbol=2330,ref=539,open=533,high=536,low=532,up=592,dn=485.5000,mattime=091844862905,matpri=533,matqty=1,tmatqty=3318,bestbq=597,305,387,208,294,bestbp=532,531,530,529,528,bestsq=38,205,263,324,459,bestsp=533,534,535,536,537
09:18:45.729  [全] MDS=1 Symbol=2330,ref=539,open=533,high=536,low=532,up=592,dn=485.5000,mattime=091844862905,matpri=533,matqty=1,tmatqty=3318,bestbq=597,304,387,208,294,bestbp=532,531,530,529,528,bestsq=38,205,263,324,459,bestsp=533,534,535,536,537
09:18:46.899  [全] MDS=1 Symbol=2330,ref=539,open=533,high=536,low=532,up=592,dn=485.5000,mattime=091844862905,matpri=533,matqty=1,tmatqty=3318,bestbq=597,304,387,208,294,bestbp=532,531,530,529,528,bestsq=39,205,263,324,459,bestsp=533,534,535,536,537
09:18:48.070  [全] MDS=1 Symbol=2330,ref=539,open=533,high=536,low=532,up=592,dn=485.5000,mattime=091847985482,matpri=533,matqty=1,tmatqty=3319,bestbq=597,304,387,208,294,bestbp=532,531,530,529,528,bestsq=39,205,263,324,459,bestsp=533,534,535,536,537
09:18:48.070  [全] MDS=1 Symbol=2330,ref=539,open=533,high=536,low=532,up=592,dn=485.5000,mattime=091847985482,matpri=533,matqty=1,tmatqty=3319,bestbq=597,304,387,208,294,bestbp=532,531,530,529,528,bestsq=38,205,263,324,459,bestsp=533,534,535,536,537
09:18:48.279  [全] MDS=1 Symbol=2330,ref=539,open=533,high=536,low=532,up=592,dn=485.5000,mattime=091848266950,matpri=533,matqty=1,tmatqty=3320,bestbq=597,304,387,208,294,bestbp=532,531,530,529,528,bestsq=38,205,263,324,459,bestsp=533,534,535,536,537
09:18:48.280  [全] MDS=1 Symbol=2330,ref=539,open=533,high=536,low=532,up=592,dn=485.5000,mattime=091848266950,matpri=533,matqty=1,tmatqty=3320,bestbq=597,304,387,208,294,bestbp=532,531,530,529,528,bestsq=37,205,263,324,459,bestsp=533,534,535,536,537
09:18:48.933  [全] MDS=1 Symbol=2330,ref=539,open=533,high=536,low=532,up=592,dn=485.5000,mattime=091848266950,matpri=533,matqty=1,tmatqty=3320,bestbq=598,304,387,208,294,bestbp=532,531,530,529,528,bestsq=37,205,263,324,459,bestsp=533,534,535,536,537
09:18:49.365  [全] MDS=1 Symbol=2330,ref=539,open=533,high=536,low=532,up=592,dn=485.5000,mattime=091849338088,matpri=533,matqty=1,tmatqty=3321,bestbq=598,304,387,208,294,bestbp=532,531,530,529,528,bestsq=37,205,263,324,459,bestsp=533,534,535,536,537
09:18:49.365  [全] MDS=1 Symbol=2330,ref=539,open=533,high=536,low=532,up=592,dn=485.5000,mattime=091849338088,matpri=533,matqty=1,tmatqty=3321,bestbq=598,304,387,208,294,bestbp=532,531,530,529,528,bestsq=36,205,263,324,459,bestsp=533,534,535,536,537
09:18:51.593  [全] MDS=1 Symbol=2330,ref=539,open=533,high=536,low=532,up=592,dn=485.5000,mattime=091851519760,matpri=533,matqty=5,tmatqty=3326,bestbq=598,304,387,208,294,bestbp=532,531,530,529,528,bestsq=36,205,263,324,459,bestsp=533,534,535,536,537
09:18:51.594  [全] MDS=1 Symbol=2330,ref=539,open=533,high=536,low=532,up=592,dn=485.5000,mattime=091851519760,matpri=533,matqty=5,tmatqty=3326,bestbq=598,304,387,208,294,bestbp=532,531,530,529,528,bestsq=31,205,263,324,459,bestsp=533,534,535,536,537
09:18:52.023  [全] MDS=1 Symbol=2330,ref=539,open=533,high=536,low=532,up=592,dn=485.5000,mattime=091851916746,matpri=533,matqty=1,tmatqty=3327,bestbq=598,304,387,208,294,bestbp=532,531,530,529,528,bestsq=31,205,263,324,459,bestsp=533,534,535,536,537
09:18:52.024  [全] MDS=1 Symbol=2330,ref=539,open=533,high=536,low=532,up=592,dn=485.5000,mattime=091851916746,matpri=533,matqty=1,tmatqty=3327,bestbq=598,304,387,208,294,bestbp=532,531,530,529,528,bestsq=30,205,263,324,459,bestsp=533,534,535,536,537
09:18:52.352  [全] MDS=1 Symbol=2330,ref=539,open=533,high=536,low=532,up=592,dn=485.5000,mattime=091851916746,matpri=533,matqty=1,tmatqty=3327,bestbq=635,304,387,208,294,bestbp=532,531,530,529,528,bestsq=30,205,263,324,459,bestsp=533,534,535,536,537
09:18:52.888  [全] MDS=1 Symbol=2330,ref=539,open=533,high=536,low=532,up=592,dn=485.5000,mattime=091851916746,matpri=533,matqty=1,tmatqty=3327,bestbq=635,304,388,208,294,bestbp=532,531,530,529,528,bestsq=30,205,263,324,459,bestsp=533,534,535,536,537
09:18:52.995  [全] MDS=1 Symbol=2330,ref=539,open=533,high=536,low=532,up=592,dn=485.5000,mattime=091852827800,matpri=533,matqty=1,tmatqty=3328,bestbq=635,304,388,208,294,bestbp=532,531,530,529,528,bestsq=30,205,263,324,459,bestsp=533,534,535,536,537
09:18:52.995  [全] MDS=1 Symbol=2330,ref=539,open=533,high=536,low=532,up=592,dn=485.5000,mattime=091852827800,matpri=533,matqty=1,tmatqty=3328,bestbq=635,304,388,208,294,bestbp=532,531,530,529,528,bestsq=29,205,263,324,459,bestsp=533,534,535,536,537
09:18:52.996  [全] MDS=1 Symbol=2330,ref=539,open=533,high=536,low=532,up=592,dn=485.5000,mattime=091852827800,matpri=533,matqty=1,tmatqty=3328,bestbq=635,304,388,208,294,bestbp=532,531,530,529,528,bestsq=29,205,263,324,460,bestsp=533,534,535,536,537
09:18:52.996  [全] MDS=1 Symbol=2330,ref=539,open=533,high=536,low=532,up=592,dn=485.5000,mattime=091852827800,matpri=533,matqty=1,tmatqty=3328,bestbq=635,304,388,208,294,bestbp=532,531,530,529,528,bestsq=29,184,263,324,460,bestsp=533,534,535,536,537
09:18:53.424  [全] MDS=1 Symbol=2330,ref=539,open=533,high=536,low=532,up=592,dn=485.5000,mattime=091852827800,matpri=533,matqty=1,tmatqty=3328,bestbq=598,304,388,208,294,bestbp=532,531,530,529,528,bestsq=29,184,263,324,460,bestsp=533,534,535,536,537
09:18:53.967  [全] MDS=1 Symbol=2330,ref=539,open=533,high=536,low=532,up=592,dn=485.5000,mattime=091852827800,matpri=533,matqty=1,tmatqty=3328,bestbq=598,304,388,208,294,bestbp=532,531,530,529,528,bestsq=30,184,263,324,460,bestsp=533,534,535,536,537
09:18:54.074  [全] MDS=1 Symbol=2330,ref=539,open=533,high=536,low=532,up=592,dn=485.5000,mattime=091852827800,matpri=533,matqty=1,tmatqty=3328,bestbq=599,304,388,208,294,bestbp=532,531,530,529,528,bestsq=30,184,263,324,460,bestsp=533,534,535,536,537
09:18:54.403  [全] MDS=1 Symbol=2330,ref=539,open=533,high=536,low=532,up=592,dn=485.5000,mattime=091852827800,matpri=533,matqty=1,tmatqty=3328,bestbq=636,304,388,208,294,bestbp=532,531,530,529,528,bestsq=30,184,263,324,460,bestsp=533,534,535,536,537
09:18:55.164  [全] MDS=1 Symbol=2330,ref=539,open=533,high=536,low=532,up=592,dn=485.5000,mattime=091852827800,matpri=533,matqty=1,tmatqty=3328,bestbq=636,304,388,208,294,bestbp=532,531,530,529,528,bestsq=28,184,263,324,460,bestsp=533,534,535,536,537
09:18:55.600  [全] MDS=1 Symbol=2330,ref=539,open=533,high=536,low=532,up=592,dn=485.5000,mattime=091852827800,matpri=533,matqty=1,tmatqty=3328,bestbq=636,304,388,208,294,bestbp=532,531,530,529,528,bestsq=29,183,263,324,460,bestsp=533,534,535,536,537
09:18:55.819  [全] MDS=1 Symbol=2330,ref=539,open=533,high=536,low=532,up=592,dn=485.5000,mattime=091852827800,matpri=533,matqty=1,tmatqty=3328,bestbq=637,304,388,208,294,bestbp=532,531,530,529,528,bestsq=29,183,263,324,460,bestsp=533,534,535,536,537
09:18:56.039  [全] MDS=1 Symbol=2330,ref=539,open=533,high=536,low=532,up=592,dn=485.5000,mattime=091852827800,matpri=533,matqty=1,tmatqty=3328,bestbq=637,304,388,208,294,bestbp=532,531,530,529,528,bestsq=30,183,263,324,460,bestsp=533,534,535,536,537
09:18:56.148  [全] MDS=1 Symbol=2330,ref=539,open=533,high=536,low=532,up=592,dn=485.5000,mattime=091852827800,matpri=533,matqty=1,tmatqty=3328,bestbq=637,305,388,208,294,bestbp=532,531,530,529,528,bestsq=30,183,263,324,460,bestsp=533,534,535,536,537
09:18:58.807  [全] MDS=1 Symbol=2330,ref=539,open=533,high=536,low=532,up=592,dn=485.5000,mattime=091852827800,matpri=533,matqty=1,tmatqty=3328,bestbq=637,306,388,208,294,bestbp=532,531,530,529,528,bestsq=30,183,263,324,460,bestsp=533,534,535,536,537
09:18:58.918  [全] MDS=1 Symbol=2330,ref=539,open=533,high=536,low=532,up=592,dn=485.5000,mattime=091852827800,matpri=533,matqty=1,tmatqty=3328,bestbq=787,306,388,208,294,bestbp=532,531,530,529,528,bestsq=30,183,263,324,460,bestsp=533,534,535,536,537
09:18:58.918  [全] MDS=1 Symbol=2330,ref=539,open=533,high=536,low=532,up=592,dn=485.5000,mattime=091852827800,matpri=533,matqty=1,tmatqty=3328,bestbq=937,306,388,208,294,bestbp=532,531,530,529,528,bestsq=30,183,263,324,460,bestsp=533,534,535,536,537
09:18:58.919  [全] MDS=1 Symbol=2330,ref=539,open=533,high=536,low=532,up=592,dn=485.5000,mattime=091852827800,matpri=533,matqty=1,tmatqty=3328,bestbq=1087,306,388,208,294,bestbp=532,531,530,529,528,bestsq=30,183,263,324,460,bestsp=533,534,535,536,537
09:18:58.919  [全] MDS=1 Symbol=2330,ref=539,open=533,high=536,low=532,up=592,dn=485.5000,mattime=091852827800,matpri=533,matqty=1,tmatqty=3328,bestbq=1087,306,388,208,294,bestbp=532,531,530,529,528,bestsq=31,183,263,324,460,bestsp=533,534,535,536,537
09:18:59.030  [全] MDS=1 Symbol=2330,ref=539,open=533,high=536,low=532,up=592,dn=485.5000,mattime=091852827800,matpri=533,matqty=1,tmatqty=3328,bestbq=1087,306,388,208,294,bestbp=532,531,530,529,528,bestsq=32,183,263,324,460,bestsp=533,534,535,536,537
09:18:59.135  [全] MDS=1 Symbol=2330,ref=539,open=533,high=536,low=532,up=592,dn=485.5000,mattime=091852827800,matpri=533,matqty=1,tmatqty=3328,bestbq=1087,306,389,208,294,bestbp=532,531,530,529,528,bestsq=32,183,263,324,460,bestsp=533,534,535,536,537
09:18:59.463  [全] MDS=1 Symbol=2330,ref=539,open=533,high=536,low=532,up=592,dn=485.5000,mattime=091859325563,matpri=533,matqty=1,tmatqty=3329,bestbq=1087,306,389,208,294,bestbp=532,531,530,529,528,bestsq=32,183,263,324,460,bestsp=533,534,535,536,537
09:18:59.464  [全] MDS=1 Symbol=2330,ref=539,open=533,high=536,low=532,up=592,dn=485.5000,mattime=091859325563,matpri=533,matqty=1,tmatqty=3329,bestbq=1087,306,389,208,294,bestbp=532,531,530,529,528,bestsq=31,183,263,324,460,bestsp=533,534,535,536,537
09:18:59.894  [全] MDS=1 Symbol=2330,ref=539,open=533,high=536,low=532,up=592,dn=485.5000,mattime=091859325563,matpri=533,matqty=1,tmatqty=3329,bestbq=1087,306,389,208,294,bestbp=532,531,530,529,528,bestsq=30,183,263,324,460,bestsp=533,534,535,536,537
09:19:00.838  [全] MDS=1 Symbol=2330,ref=539,open=533,high=536,low=532,up=592,dn=485.5000,mattime=091859325563,matpri=533,matqty=1,tmatqty=3329,bestbq=1104,306,389,208,294,bestbp=532,531,530,529,528,bestsq=30,183,263,324,460,bestsp=533,534,535,536,537
09:19:00.944  [全] MDS=1 Symbol=2330,ref=539,open=533,high=536,low=532,up=592,dn=485.5000,mattime=091859325563,matpri=533,matqty=1,tmatqty=3329,bestbq=1104,306,389,208,294,bestbp=532,531,530,529,528,bestsq=30,183,263,325,460,bestsp=533,534,535,536,537
09:19:01.158  [全] MDS=1 Symbol=2330,ref=539,open=533,high=536,low=532,up=592,dn=485.5000,mattime=091859325563,matpri=533,matqty=1,tmatqty=3329,bestbq=1104,306,389,208,294,bestbp=532,531,530,529,528,bestsq=30,183,261,325,460,bestsp=533,534,535,536,537
09:19:01.267  [全] MDS=1 Symbol=2330,ref=539,open=533,high=536,low=532,up=592,dn=485.5000,mattime=091859325563,matpri=533,matqty=1,tmatqty=3329,bestbq=1104,306,389,208,296,bestbp=532,531,530,529,528,bestsq=30,183,261,325,460,bestsp=533,534,535,536,537
09:19:01.373  [全] MDS=1 Symbol=2330,ref=539,open=533,high=536,low=532,up=592,dn=485.5000,mattime=091859325563,matpri=533,matqty=1,tmatqty=3329,bestbq=1104,306,389,209,296,bestbp=532,531,530,529,528,bestsq=30,183,261,325,460,bestsp=533,534,535,536,537
09:19:01.588  [全] MDS=1 Symbol=2330,ref=539,open=533,high=536,low=532,up=592,dn=485.5000,mattime=091859325563,matpri=533,matqty=1,tmatqty=3329,bestbq=1104,306,389,209,296,bestbp=532,531,530,529,528,bestsq=31,183,261,325,460,bestsp=533,534,535,536,537
09:19:03.405  [全] MDS=1 Symbol=2330,ref=539,open=533,high=536,low=532,up=592,dn=485.5000,mattime=091859325563,matpri=533,matqty=1,tmatqty=3329,bestbq=1067,306,389,209,296,bestbp=532,531,530,529,528,bestsq=31,183,261,325,460,bestsp=533,534,535,536,537
09:19:03.511  [全] MDS=1 Symbol=2330,ref=539,open=533,high=536,low=532,up=592,dn=485.5000,mattime=091859325563,matpri=533,matqty=1,tmatqty=3329,bestbq=1067,306,389,209,296,bestbp=532,531,530,529,528,bestsq=31,183,263,325,460,bestsp=533,534,535,536,537
09:19:03.615  [全] MDS=1 Symbol=2330,ref=539,open=533,high=536,low=532,up=592,dn=485.5000,mattime=091859325563,matpri=533,matqty=1,tmatqty=3329,bestbq=1067,306,389,209,297,bestbp=532,531,530,529,528,bestsq=31,183,263,325,460,bestsp=533,534,535,536,537
09:19:03.720  [全] MDS=1 Symbol=2330,ref=539,open=533,high=536,low=532,up=592,dn=485.5000,mattime=091859325563,matpri=533,matqty=1,tmatqty=3329,bestbq=1067,306,390,209,297,bestbp=532,531,530,529,528,bestsq=31,183,263,325,460,bestsp=533,534,535,536,537
09:19:03.944  [全] MDS=1 Symbol=2330,ref=539,open=533,high=536,low=532,up=592,dn=485.5000,mattime=091903801005,matpri=533,matqty=1,tmatqty=3330,bestbq=1067,306,390,209,297,bestbp=532,531,530,529,528,bestsq=31,183,263,325,460,bestsp=533,534,535,536,537
09:19:03.944  [全] MDS=1 Symbol=2330,ref=539,open=533,high=536,low=532,up=592,dn=485.5000,mattime=091903801005,matpri=533,matqty=1,tmatqty=3330,bestbq=1067,306,390,209,297,bestbp=532,531,530,529,528,bestsq=30,183,263,325,460,bestsp=533,534,535,536,537
09:19:04.371  [全] MDS=1 Symbol=2330,ref=539,open=533,high=536,low=532,up=592,dn=485.5000,mattime=091903801005,matpri=533,matqty=1,tmatqty=3330,bestbq=1068,305,390,209,297,bestbp=532,531,530,529,528,bestsq=30,183,263,325,460,bestsp=533,534,535,536,537
09:19:04.371  [全] MDS=1 Symbol=2330,ref=539,open=533,high=536,low=532,up=592,dn=485.5000,mattime=091903801005,matpri=533,matqty=1,tmatqty=3330,bestbq=1105,305,390,209,297,bestbp=532,531,530,529,528,bestsq=30,183,263,325,460,bestsp=533,534,535,536,537
09:19:06.289  [全] MDS=1 Symbol=2330,ref=539,open=533,high=536,low=532,up=592,dn=485.5000,mattime=091906144967,matpri=533,matqty=1,tmatqty=3331,bestbq=1105,305,390,209,297,bestbp=532,531,530,529,528,bestsq=30,183,263,325,460,bestsp=533,534,535,536,537
09:19:06.289  [全] MDS=1 Symbol=2330,ref=539,open=533,high=536,low=532,up=592,dn=485.5000,mattime=091906144967,matpri=533,matqty=1,tmatqty=3331,bestbq=1105,305,390,209,297,bestbp=532,531,530,529,528,bestsq=29,183,263,325,460,bestsp=533,534,535,536,537
09:19:07.041  [全] MDS=1 Symbol=2330,ref=539,open=533,high=536,low=532,up=592,dn=485.5000,mattime=091906144967,matpri=533,matqty=1,tmatqty=3331,bestbq=1105,305,390,209,297,bestbp=532,531,530,529,528,bestsq=30,182,263,325,460,bestsp=533,534,535,536,537
09:19:08.025  [全] MDS=1 Symbol=2330,ref=539,open=533,high=536,low=532,up=592,dn=485.5000,mattime=091906144967,matpri=533,matqty=1,tmatqty=3331,bestbq=1105,305,390,209,297,bestbp=532,531,530,529,528,bestsq=30,182,261,325,460,bestsp=533,534,535,536,537
09:19:08.349  [全] MDS=1 Symbol=2330,ref=539,open=533,high=536,low=532,up=592,dn=485.5000,mattime=091906144967,matpri=533,matqty=1,tmatqty=3331,bestbq=1105,305,390,209,297,bestbp=532,531,530,529,528,bestsq=30,182,263,325,460,bestsp=533,534,535,536,537
09:19:08.774  [全] MDS=1 Symbol=2330,ref=539,open=533,high=536,low=532,up=592,dn=485.5000,mattime=091906144967,matpri=533,matqty=1,tmatqty=3331,bestbq=1104,305,390,209,297,bestbp=532,531,530,529,528,bestsq=30,182,263,325,460,bestsp=533,534,535,536,537
09:19:09.405  [全] MDS=1 Symbol=2330,ref=539,open=533,high=536,low=532,up=592,dn=485.5000,mattime=091909329177,matpri=533,matqty=2,tmatqty=3333,bestbq=1104,305,390,209,297,bestbp=532,531,530,529,528,bestsq=30,182,263,325,460,bestsp=533,534,535,536,537
09:19:09.405  [全] MDS=1 Symbol=2330,ref=539,open=533,high=536,low=532,up=592,dn=485.5000,mattime=091909329177,matpri=533,matqty=2,tmatqty=3333,bestbq=1104,305,390,209,297,bestbp=532,531,530,529,528,bestsq=28,182,263,325,460,bestsp=533,534,535,536,537
09:19:09.515  [全] MDS=1 Symbol=2330,ref=539,open=533,high=536,low=532,up=592,dn=485.5000,mattime=091909329177,matpri=533,matqty=2,tmatqty=3333,bestbq=1104,306,390,209,297,bestbp=532,531,530,529,528,bestsq=28,182,263,325,460,bestsp=533,534,535,536,537
09:19:09.515  [全] MDS=1 Symbol=2330,ref=539,open=533,high=536,low=532,up=592,dn=485.5000,mattime=091909329177,matpri=533,matqty=2,tmatqty=3333,bestbq=1104,306,390,209,297,bestbp=532,531,530,529,528,bestsq=28,182,261,325,460,bestsp=533,534,535,536,537
09:19:09.749  [全] MDS=1 Symbol=2330,ref=539,open=533,high=536,low=532,up=592,dn=485.5000,mattime=091909329177,matpri=533,matqty=2,tmatqty=3333,bestbq=1104,307,389,209,297,bestbp=532,531,530,529,528,bestsq=28,182,261,325,460,bestsp=533,534,535,536,537
09:19:11.351  [全] MDS=1 Symbol=2330,ref=539,open=533,high=536,low=532,up=592,dn=485.5000,mattime=091909329177,matpri=533,matqty=2,tmatqty=3333,bestbq=1067,307,389,209,297,bestbp=532,531,530,529,528,bestsq=28,182,261,325,460,bestsp=533,534,535,536,537
09:19:11.570  [全] MDS=1 Symbol=2330,ref=539,open=533,high=536,low=532,up=592,dn=485.5000,mattime=091909329177,matpri=533,matqty=2,tmatqty=3333,bestbq=1067,307,389,209,297,bestbp=532,531,530,529,528,bestsq=28,182,263,325,460,bestsp=533,534,535,536,537
09:19:12.104  [全] MDS=1 Symbol=2330,ref=539,open=533,high=536,low=532,up=592,dn=485.5000,mattime=091909329177,matpri=533,matqty=2,tmatqty=3333,bestbq=1067,307,389,209,298,bestbp=532,531,530,529,528,bestsq=28,182,263,325,460,bestsp=533,534,535,536,537
09:19:12.211  [全] MDS=1 Symbol=2330,ref=539,open=533,high=536,low=532,up=592,dn=485.5000,mattime=091909329177,matpri=533,matqty=2,tmatqty=3333,bestbq=1067,307,388,209,299,bestbp=532,531,530,529,528,bestsq=28,182,263,325,460,bestsp=533,534,535,536,537
09:19:13.919  [全] MDS=1 Symbol=2330,ref=539,open=533,high=536,low=532,up=592,dn=485.5000,mattime=091909329177,matpri=533,matqty=2,tmatqty=3333,bestbq=1067,307,388,209,299,bestbp=532,531,530,529,528,bestsq=42,182,263,325,460,bestsp=533,534,535,536,537
09:19:14.670  [全] MDS=1 Symbol=2330,ref=539,open=533,high=536,low=532,up=592,dn=485.5000,mattime=091914615667,matpri=533,matqty=2,tmatqty=3335,bestbq=1067,307,388,209,299,bestbp=532,531,530,529,528,bestsq=42,182,263,325,460,bestsp=533,534,535,536,537
09:19:14.670  [全] MDS=1 Symbol=2330,ref=539,open=533,high=536,low=532,up=592,dn=485.5000,mattime=091914615667,matpri=533,matqty=2,tmatqty=3335,bestbq=1067,305,388,209,299,bestbp=532,531,530,529,528,bestsq=40,182,263,325,460,bestsp=533,534,535,536,537
09:19:15.008  [全] MDS=1 Symbol=2330,ref=539,open=533,high=536,low=532,up=592,dn=485.5000,mattime=091914860143,matpri=533,matqty=1,tmatqty=3336,bestbq=1067,305,388,209,299,bestbp=532,531,530,529,528,bestsq=40,182,263,325,460,bestsp=533,534,535,536,537
09:19:15.008  [全] MDS=1 Symbol=2330,ref=539,open=533,high=536,low=532,up=592,dn=485.5000,mattime=091914860143,matpri=533,matqty=1,tmatqty=3336,bestbq=1066,305,388,209,299,bestbp=532,531,530,529,528,bestsq=39,182,263,325,460,bestsp=533,534,535,536,537
09:19:17.772  [全] MDS=1 Symbol=2330,ref=539,open=533,high=536,low=532,up=592,dn=485.5000,mattime=091914860143,matpri=533,matqty=1,tmatqty=3336,bestbq=1067,305,388,209,299,bestbp=532,531,530,529,528,bestsq=39,182,263,325,460,bestsp=533,534,535,536,537
09:19:17.773  [全] MDS=1 Symbol=2330,ref=539,open=533,high=536,low=532,up=592,dn=485.5000,mattime=091914860143,matpri=533,matqty=1,tmatqty=3336,bestbq=1066,305,388,209,299,bestbp=532,531,530,529,528,bestsq=39,182,263,325,460,bestsp=533,534,535,536,537
20:11:09.965  [Ｕ] User(E123632952) Ip(203.66.93.84) Port(82) MarketType(2) SetMap(1)
20:11:10.229  [時] MDS=2 Type=C,Time=201110149000
20:11:10.440  [全] MDS=2 Symbol=1101,ref=0,open=0,high=0,low=0,up=0,dn=0,mattime=,matpri=0,matqty=,tmatqty=,bestbq=,,,,,bestbp=0,0,0,0,0,bestsq=,,,,,bestsp=0,0,0,0,0
20:11:10.964  [Ｕ] Ses 2 Start Send Reg Data after 3 Ses By IsNowSendSes2_...
20:11:14.067  [Ｕ] [OnTimerRegSes2] Start Work...
20:11:14.067  [Ｕ] [OnTimerRegSes2] Set Mkt Step...
20:11:14.067  [Ｕ] [OnTimerRegSes2] Send Mkt Reg Req...
20:11:14.067  [Ｕ] [OnTimerRegSes2] Set Tick Step...
20:11:17.096  [Ｕ] [OnTimerRegSes2] Send Tick Reg Req...
20:11:17.096  [Ｕ] [OnTimerRegSes2] Finish!!
20:12:07.653  [Ｕ] User(e123632952) Ip(apiquote.yuantafutures.com.tw) Port(80) MarketType(1) SetMap(0)
20:12:07.654  [Ｕ] User(e123632952) Ip(apiquote.yuantafutures.com.tw) Port(82) MarketType(2) SetMap(0)
20:12:08.017  [時] MDS=1 Type=C,Time=201207928000
20:12:08.018  [時] MDS=2 Type=C,Time=201207949000
20:12:26.547  [全] MDS=1 Symbol=2330,ref=539,open=533,high=536,low=531,up=592,dn=485.5000,mattime=133000000000,matpri=531,matqty=3882,tmatqty=16055,bestbq=746,1238,695,646,183,bestbp=531,530,529,528,527,bestsq=11,41,277,411,460,bestsp=532,533,534,535,536
20:12:48.417  [全] MDS=1 Symbol=2327,ref=527,open=529,high=534,low=524,up=579,dn=474.5000,mattime=133000000000,matpri=533,matqty=363,tmatqty=2669,bestbq=3,17,39,17,156,bestbp=532,531,530,529,528,bestsq=75,90,141,90,32,bestsp=533,534,535,536,537
06:30:32.464  [時] MDS=2 Type=C,Time=063032349000
06:45:09.860  [時] MDS=1 Type=C,Time=064509753000
06:45:33.148  [時] MDS=2 Type=C,Time=064533032000
06:45:33.686  [時] MDS=2 Type=C,Time=064533563000
